{"name": "test_opening_a_page_and_searching_for_elements", "status": "broken", "statusDetails": {"message": "selenium.common.exceptions.TimeoutException: Message:", "trace": "E   selenium.common.exceptions.TimeoutException: Message:"}, "start": 1766001247047, "stop": 1766001264759, "uuid": "92cd7f92-a844-4058-ace2-530b689b05a0", "historyId": "89a2d3b01efa5d503684bf34ef9a2300", "testCaseId": "89a2d3b01efa5d503684bf34ef9a2300", "fullName": "test_student_registration_form.TestDisplayingTheRegistrationForm#test_opening_a_page_and_searching_for_elements", "labels": [{"name": "suite", "value": "test_student_registration_form"}, {"name": "subSuite", "value": "TestDisplayingTheRegistrationForm"}, {"name": "host", "value": "Admins-MacBook-Air.local"}, {"name": "thread", "value": "32806-MainThread"}, {"name": "framework", "value": "pytest"}, {"name": "language", "value": "cpython3"}, {"name": "package", "value": "test_student_registration_form"}], "titlePath": ["test_student_registration_form.py", "TestDisplayingTheRegistrationForm"]}