{"name": "test_opening_a_page_and_searching_for_elements", "status": "broken", "statusDetails": {"message": "selenium.common.exceptions.NoSuchWindowException: Message: no such window: target window already closed\nfrom unknown error: web view not found\n  (Session info: chrome=143.0.7499.111)\nStacktrace:\n0   chromedriver                        0x00000001050489d4 cxxbridge1$str$ptr + 3032992\n1   chromedriver                        0x00000001050409c4 cxxbridge1$str$ptr + 3000208\n2   chromedriver                        0x0000000104b3ab14 _RNvCsgXDX2mvAJAg_7___rustc35___rust_no_alloc_shim_is_unstable_v2 + 74196\n3   chromedriver                        0x0000000104b148c4 chromedriver + 149700\n4   chromedriver                        0x0000000104ba9a78 _RNvCsgXDX2mvAJAg_7___rustc35___rust_no_alloc_shim_is_unstable_v2 + 528696\n5   chromedriver                        0x0000000104bc24cc _RNvCsgXDX2mvAJAg_7___rustc35___rust_no_alloc_shim_is_unstable_v2 + 629644\n6   chromedriver                        0x0000000104b76168 _RNvCsgXDX2mvAJAg_7___rustc35___rust_no_alloc_shim_is_unstable_v2 + 317480\n7   chromedriver                        0x000000010500c39c cxxbridge1$str$ptr + 2785640\n8   chromedriver                        0x000000010500faf8 cxxbridge1$str$ptr + 2799812\n9   chromedriver                        0x0000000104fecb4c cxxbridge1$str$ptr + 2656536\n10  chromedriver                        0x0000000105010368 cxxbridge1$str$ptr + 2801972\n11  chromedriver                        0x0000000104fdd4d0 cxxbridge1$str$ptr + 2593436\n12  chromedriver                        0x000000010502ffa0 cxxbridge1$str$ptr + 2932076\n13  chromedriver                        0x0000000105030120 cxxbridge1$str$ptr + 2932460\n14  chromedriver                        0x000000010504061c cxxbridge1$str$ptr + 2999272\n15  libsystem_pthread.dylib             0x0000000181667fa8 _pthread_start + 148\n16  libsystem_pthread.dylib             0x0000000181662da0 thread_start + 8", "trace": "E   selenium.common.exceptions.NoSuchWindowException: Message: no such window: target window already closed\n    from unknown error: web view not found\n      (Session info: chrome=143.0.7499.111)\n    Stacktrace:\n    0   chromedriver                        0x00000001050489d4 cxxbridge1$str$ptr + 3032992\n    1   chromedriver                        0x00000001050409c4 cxxbridge1$str$ptr + 3000208\n    2   chromedriver                        0x0000000104b3ab14 _RNvCsgXDX2mvAJAg_7___rustc35___rust_no_alloc_shim_is_unstable_v2 + 74196\n    3   chromedriver                        0x0000000104b148c4 chromedriver + 149700\n    4   chromedriver                        0x0000000104ba9a78 _RNvCsgXDX2mvAJAg_7___rustc35___rust_no_alloc_shim_is_unstable_v2 + 528696\n    5   chromedriver                        0x0000000104bc24cc _RNvCsgXDX2mvAJAg_7___rustc35___rust_no_alloc_shim_is_unstable_v2 + 629644\n    6   chromedriver                        0x0000000104b76168 _RNvCsgXDX2mvAJAg_7___rustc35___rust_no_alloc_shim_is_unstable_v2 + 317480\n    7   chromedriver                        0x000000010500c39c cxxbridge1$str$ptr + 2785640\n    8   chromedriver                        0x000000010500faf8 cxxbridge1$str$ptr + 2799812\n    9   chromedriver                        0x0000000104fecb4c cxxbridge1$str$ptr + 2656536\n    10  chromedriver                        0x0000000105010368 cxxbridge1$str$ptr + 2801972\n    11  chromedriver                        0x0000000104fdd4d0 cxxbridge1$str$ptr + 2593436\n    12  chromedriver                        0x000000010502ffa0 cxxbridge1$str$ptr + 2932076\n    13  chromedriver                        0x0000000105030120 cxxbridge1$str$ptr + 2932460\n    14  chromedriver                        0x000000010504061c cxxbridge1$str$ptr + 2999272\n    15  libsystem_pthread.dylib             0x0000000181667fa8 _pthread_start + 148\n    16  libsystem_pthread.dylib             0x0000000181662da0 thread_start + 8"}, "start": 1766002220496, "stop": 1766002288340, "uuid": "f92667fe-708a-4c4c-9c81-942fe37fd672", "historyId": "89a2d3b01efa5d503684bf34ef9a2300", "testCaseId": "89a2d3b01efa5d503684bf34ef9a2300", "fullName": "test_student_registration_form.TestDisplayingTheRegistrationForm#test_opening_a_page_and_searching_for_elements", "labels": [{"name": "suite", "value": "test_student_registration_form"}, {"name": "subSuite", "value": "TestDisplayingTheRegistrationForm"}, {"name": "host", "value": "Admins-Air"}, {"name": "thread", "value": "34098-MainThread"}, {"name": "framework", "value": "pytest"}, {"name": "language", "value": "cpython3"}, {"name": "package", "value": "test_student_registration_form"}], "titlePath": ["test_student_registration_form.py", "TestDisplayingTheRegistrationForm"]}