{"name": "test_opening_a_page_and_searching_for_elements", "status": "broken", "statusDetails": {"message": "selenium.common.exceptions.NoSuchWindowException: Message: no such window: target window already closed\nfrom unknown error: web view not found\n  (Session info: chrome=143.0.7499.111)\nStacktrace:\n0   chromedriver                        0x0000000100fac9d4 cxxbridge1$str$ptr + 3032992\n1   chromedriver                        0x0000000100fa49c4 cxxbridge1$str$ptr + 3000208\n2   chromedriver                        0x0000000100a9eb14 _RNvCsgXDX2mvAJAg_7___rustc35___rust_no_alloc_shim_is_unstable_v2 + 74196\n3   chromedriver                        0x0000000100a788c4 chromedriver + 149700\n4   chromedriver                        0x0000000100b0da78 _RNvCsgXDX2mvAJAg_7___rustc35___rust_no_alloc_shim_is_unstable_v2 + 528696\n5   chromedriver                        0x0000000100b264cc _RNvCsgXDX2mvAJAg_7___rustc35___rust_no_alloc_shim_is_unstable_v2 + 629644\n6   chromedriver                        0x0000000100ada168 _RNvCsgXDX2mvAJAg_7___rustc35___rust_no_alloc_shim_is_unstable_v2 + 317480\n7   chromedriver                        0x0000000100f7039c cxxbridge1$str$ptr + 2785640\n8   chromedriver                        0x0000000100f73af8 cxxbridge1$str$ptr + 2799812\n9   chromedriver                        0x0000000100f50b4c cxxbridge1$str$ptr + 2656536\n10  chromedriver                        0x0000000100f74368 cxxbridge1$str$ptr + 2801972\n11  chromedriver                        0x0000000100f414d0 cxxbridge1$str$ptr + 2593436\n12  chromedriver                        0x0000000100f93fa0 cxxbridge1$str$ptr + 2932076\n13  chromedriver                        0x0000000100f94120 cxxbridge1$str$ptr + 2932460\n14  chromedriver                        0x0000000100fa461c cxxbridge1$str$ptr + 2999272\n15  libsystem_pthread.dylib             0x0000000181667fa8 _pthread_start + 148\n16  libsystem_pthread.dylib             0x0000000181662da0 thread_start + 8", "trace": "self = <test_student_registration_form.TestDisplayingTheRegistrationForm object at 0x104bfd6d0>\nbrowser = <selenium.webdriver.chrome.webdriver.WebDriver (session=\"47b2f9dc45376910a777cbe2c7f0d5a1\")>\n\n    def test_opening_a_page_and_searching_for_elements(self, browser):\n        page = RegisterPage(browser, BASE_URL)\n        page.open()\n>       page.should_be_correct_url()\n\ntest_student_registration_form.py:12: \n_ _ _ _ _ _ _ _ _ _ _ _ _ _ _ _ _ _ _ _ _ _ _ _ _ _ _ _ _ _ _ _ _ _ _ _ _ _ _ _ _ _ _ _ _ _ _ _ _ _ _ _ _ _ _ _ _ _ _ _ _ _ _ _ _ _ _ _ _ _ _ _ _ _ _ _ _ _ _ _ _ _ _ _ _ _ \npages/base_page.py:18: in should_be_correct_url\n    assert self.browser.current_url == self.url, \\\n           ^^^^^^^^^^^^^^^^^^^^^^^^\n/Library/Frameworks/Python.framework/Versions/3.13/lib/python3.13/site-packages/selenium/webdriver/remote/webdriver.py:587: in current_url\n    return self.execute(Command.GET_CURRENT_URL)[\"value\"]\n           ^^^^^^^^^^^^^^^^^^^^^^^^^^^^^^^^^^^^^\n/Library/Frameworks/Python.framework/Versions/3.13/lib/python3.13/site-packages/selenium/webdriver/remote/webdriver.py:458: in execute\n    self.error_handler.check_response(response)\n_ _ _ _ _ _ _ _ _ _ _ _ _ _ _ _ _ _ _ _ _ _ _ _ _ _ _ _ _ _ _ _ _ _ _ _ _ _ _ _ _ _ _ _ _ _ _ _ _ _ _ _ _ _ _ _ _ _ _ _ _ _ _ _ _ _ _ _ _ _ _ _ _ _ _ _ _ _ _ _ _ _ _ _ _ _ \n\nself = <selenium.webdriver.remote.errorhandler.ErrorHandler object at 0x104c71010>\nresponse = {'status': 404, 'value': '{\"value\":{\"error\":\"no such window\",\"message\":\"no such window: target window already closed\\\\...000181667fa8 _pthread_start + 148\\\\n16  libsystem_pthread.dylib             0x0000000181662da0 thread_start + 8\\\\n\"}}'}\n\n    def check_response(self, response: dict[str, Any]) -> None:\n        \"\"\"Checks that a JSON response from the WebDriver does not have an\n        error.\n    \n        :Args:\n         - response - The JSON response from the WebDriver server as a dictionary\n           object.\n    \n        :Raises: If the response contains an error message.\n        \"\"\"\n        status = response.get(\"status\", None)\n        if not status or status == ErrorCode.SUCCESS:\n            return\n        value = None\n        message = response.get(\"message\", \"\")\n        screen: str = response.get(\"screen\", \"\")\n        stacktrace = None\n        if isinstance(status, int):\n            value_json = response.get(\"value\", None)\n            if value_json and isinstance(value_json, str):\n                try:\n                    value = json.loads(value_json)\n                    if isinstance(value, dict):\n                        if len(value) == 1:\n                            value = value[\"value\"]\n                        status = value.get(\"error\", None)\n                        if not status:\n                            status = value.get(\"status\", ErrorCode.UNKNOWN_ERROR)\n                            message = value.get(\"value\") or value.get(\"message\")\n                            if not isinstance(message, str):\n                                value = message\n                                message = message.get(\"message\") if isinstance(message, dict) else None\n                        else:\n                            message = value.get(\"message\", None)\n                except ValueError:\n                    pass\n    \n        exception_class: type[WebDriverException]\n        e = ErrorCode()\n        error_codes = [item for item in dir(e) if not item.startswith(\"__\")]\n        for error_code in error_codes:\n            error_info = getattr(ErrorCode, error_code)\n            if isinstance(error_info, list) and status in error_info:\n                exception_class = getattr(ExceptionMapping, error_code, WebDriverException)\n                break\n        else:\n            exception_class = WebDriverException\n    \n        if not value:\n            value = response[\"value\"]\n        if isinstance(value, str):\n            raise exception_class(value)\n        if message == \"\" and \"message\" in value:\n            message = value[\"message\"]\n    \n        screen = None  # type: ignore[assignment]\n        if \"screen\" in value:\n            screen = value[\"screen\"]\n    \n        stacktrace = None\n        st_value = value.get(\"stackTrace\") or value.get(\"stacktrace\")\n        if st_value:\n            if isinstance(st_value, str):\n                stacktrace = st_value.split(\"\\n\")\n            else:\n                stacktrace = []\n                try:\n                    for frame in st_value:\n                        line = frame.get(\"lineNumber\", \"\")\n                        file = frame.get(\"fileName\", \"<anonymous>\")\n                        if line:\n                            file = f\"{file}:{line}\"\n                        meth = frame.get(\"methodName\", \"<anonymous>\")\n                        if \"className\" in frame:\n                            meth = f\"{frame['className']}.{meth}\"\n                        msg = \"    at %s (%s)\"\n                        msg = msg % (meth, file)\n                        stacktrace.append(msg)\n                except TypeError:\n                    pass\n        if exception_class == UnexpectedAlertPresentException:\n            alert_text = None\n            if \"data\" in value:\n                alert_text = value[\"data\"].get(\"text\")\n            elif \"alert\" in value:\n                alert_text = value[\"alert\"].get(\"text\")\n            raise exception_class(message, screen, stacktrace, alert_text)  # type: ignore[call-arg]  # mypy is not smart enough here\n>       raise exception_class(message, screen, stacktrace)\nE       selenium.common.exceptions.NoSuchWindowException: Message: no such window: target window already closed\nE       from unknown error: web view not found\nE         (Session info: chrome=143.0.7499.111)\nE       Stacktrace:\nE       0   chromedriver                        0x0000000100fac9d4 cxxbridge1$str$ptr + 3032992\nE       1   chromedriver                        0x0000000100fa49c4 cxxbridge1$str$ptr + 3000208\nE       2   chromedriver                        0x0000000100a9eb14 _RNvCsgXDX2mvAJAg_7___rustc35___rust_no_alloc_shim_is_unstable_v2 + 74196\nE       3   chromedriver                        0x0000000100a788c4 chromedriver + 149700\nE       4   chromedriver                        0x0000000100b0da78 _RNvCsgXDX2mvAJAg_7___rustc35___rust_no_alloc_shim_is_unstable_v2 + 528696\nE       5   chromedriver                        0x0000000100b264cc _RNvCsgXDX2mvAJAg_7___rustc35___rust_no_alloc_shim_is_unstable_v2 + 629644\nE       6   chromedriver                        0x0000000100ada168 _RNvCsgXDX2mvAJAg_7___rustc35___rust_no_alloc_shim_is_unstable_v2 + 317480\nE       7   chromedriver                        0x0000000100f7039c cxxbridge1$str$ptr + 2785640\nE       8   chromedriver                        0x0000000100f73af8 cxxbridge1$str$ptr + 2799812\nE       9   chromedriver                        0x0000000100f50b4c cxxbridge1$str$ptr + 2656536\nE       10  chromedriver                        0x0000000100f74368 cxxbridge1$str$ptr + 2801972\nE       11  chromedriver                        0x0000000100f414d0 cxxbridge1$str$ptr + 2593436\nE       12  chromedriver                        0x0000000100f93fa0 cxxbridge1$str$ptr + 2932076\nE       13  chromedriver                        0x0000000100f94120 cxxbridge1$str$ptr + 2932460\nE       14  chromedriver                        0x0000000100fa461c cxxbridge1$str$ptr + 2999272\nE       15  libsystem_pthread.dylib             0x0000000181667fa8 _pthread_start + 148\nE       16  libsystem_pthread.dylib             0x0000000181662da0 thread_start + 8\n\n/Library/Frameworks/Python.framework/Versions/3.13/lib/python3.13/site-packages/selenium/webdriver/remote/errorhandler.py:232: NoSuchWindowException"}, "start": 1766006891868, "stop": 1766006895225, "uuid": "82ac0c16-e9cb-4c28-9713-d97faa121380", "historyId": "89a2d3b01efa5d503684bf34ef9a2300", "testCaseId": "89a2d3b01efa5d503684bf34ef9a2300", "fullName": "test_student_registration_form.TestDisplayingTheRegistrationForm#test_opening_a_page_and_searching_for_elements", "labels": [{"name": "suite", "value": "test_student_registration_form"}, {"name": "subSuite", "value": "TestDisplayingTheRegistrationForm"}, {"name": "host", "value": "Admins-Air"}, {"name": "thread", "value": "44318-MainThread"}, {"name": "framework", "value": "pytest"}, {"name": "language", "value": "cpython3"}, {"name": "package", "value": "test_student_registration_form"}], "titlePath": ["test_student_registration_form.py", "TestDisplayingTheRegistrationForm"]}