{"name": "test_opening_a_page_and_searching_for_elements", "status": "broken", "statusDetails": {"message": "selenium.common.exceptions.NoSuchWindowException: Message: no such window: target window already closed\nfrom unknown error: web view not found\n  (Session info: chrome=143.0.7499.111)\nStacktrace:\n0   chromedriver                        0x0000000104dc6e10 cxxbridge1$str$ptr + 3028012\n1   chromedriver                        0x0000000104dbecd0 cxxbridge1$str$ptr + 2994924\n2   chromedriver                        0x00000001048bab1c _RNvCsgXDX2mvAJAg_7___rustc35___rust_no_alloc_shim_is_unstable_v2 + 74196\n3   chromedriver                        0x00000001048948c4 chromedriver + 149700\n4   chromedriver                        0x0000000104929a88 _RNvCsgXDX2mvAJAg_7___rustc35___rust_no_alloc_shim_is_unstable_v2 + 528704\n5   chromedriver                        0x00000001049424dc _RNvCsgXDX2mvAJAg_7___rustc35___rust_no_alloc_shim_is_unstable_v2 + 629652\n6   chromedriver                        0x00000001048f617c _RNvCsgXDX2mvAJAg_7___rustc35___rust_no_alloc_shim_is_unstable_v2 + 317492\n7   chromedriver                        0x0000000104d8b360 cxxbridge1$str$ptr + 2783612\n8   chromedriver                        0x0000000104d8eac4 cxxbridge1$str$ptr + 2797792\n9   chromedriver                        0x0000000104d6b5f4 cxxbridge1$str$ptr + 2653200\n10  chromedriver                        0x0000000104d8f334 cxxbridge1$str$ptr + 2799952\n11  chromedriver                        0x0000000104d5bfc4 cxxbridge1$str$ptr + 2590176\n12  chromedriver                        0x0000000104dae24c cxxbridge1$str$ptr + 2926696\n13  chromedriver                        0x0000000104dae3cc cxxbridge1$str$ptr + 2927080\n14  chromedriver                        0x0000000104dbe928 cxxbridge1$str$ptr + 2993988\n15  libsystem_pthread.dylib             0x0000000181667fa8 _pthread_start + 148\n16  libsystem_pthread.dylib             0x0000000181662da0 thread_start + 8", "trace": "E   selenium.common.exceptions.NoSuchWindowException: Message: no such window: target window already closed\n    from unknown error: web view not found\n      (Session info: chrome=143.0.7499.111)\n    Stacktrace:\n    0   chromedriver                        0x0000000104dc6e10 cxxbridge1$str$ptr + 3028012\n    1   chromedriver                        0x0000000104dbecd0 cxxbridge1$str$ptr + 2994924\n    2   chromedriver                        0x00000001048bab1c _RNvCsgXDX2mvAJAg_7___rustc35___rust_no_alloc_shim_is_unstable_v2 + 74196\n    3   chromedriver                        0x00000001048948c4 chromedriver + 149700\n    4   chromedriver                        0x0000000104929a88 _RNvCsgXDX2mvAJAg_7___rustc35___rust_no_alloc_shim_is_unstable_v2 + 528704\n    5   chromedriver                        0x00000001049424dc _RNvCsgXDX2mvAJAg_7___rustc35___rust_no_alloc_shim_is_unstable_v2 + 629652\n    6   chromedriver                        0x00000001048f617c _RNvCsgXDX2mvAJAg_7___rustc35___rust_no_alloc_shim_is_unstable_v2 + 317492\n    7   chromedriver                        0x0000000104d8b360 cxxbridge1$str$ptr + 2783612\n    8   chromedriver                        0x0000000104d8eac4 cxxbridge1$str$ptr + 2797792\n    9   chromedriver                        0x0000000104d6b5f4 cxxbridge1$str$ptr + 2653200\n    10  chromedriver                        0x0000000104d8f334 cxxbridge1$str$ptr + 2799952\n    11  chromedriver                        0x0000000104d5bfc4 cxxbridge1$str$ptr + 2590176\n    12  chromedriver                        0x0000000104dae24c cxxbridge1$str$ptr + 2926696\n    13  chromedriver                        0x0000000104dae3cc cxxbridge1$str$ptr + 2927080\n    14  chromedriver                        0x0000000104dbe928 cxxbridge1$str$ptr + 2993988\n    15  libsystem_pthread.dylib             0x0000000181667fa8 _pthread_start + 148\n    16  libsystem_pthread.dylib             0x0000000181662da0 thread_start + 8"}, "attachments": [{"name": "stdout", "source": "ff996891-cb02-4b6e-b66a-bbca57f91e47-attachment.txt", "type": "text/plain"}], "start": 1766003644278, "stop": 1766003656165, "uuid": "a8d84ade-765f-489e-a4c1-1c8b3b26c0eb", "historyId": "89a2d3b01efa5d503684bf34ef9a2300", "testCaseId": "89a2d3b01efa5d503684bf34ef9a2300", "fullName": "test_student_registration_form.TestDisplayingTheRegistrationForm#test_opening_a_page_and_searching_for_elements", "labels": [{"name": "suite", "value": "test_student_registration_form"}, {"name": "subSuite", "value": "TestDisplayingTheRegistrationForm"}, {"name": "host", "value": "Admins-Air"}, {"name": "thread", "value": "36684-MainThread"}, {"name": "framework", "value": "pytest"}, {"name": "language", "value": "cpython3"}, {"name": "package", "value": "test_student_registration_form"}], "titlePath": ["test_student_registration_form.py", "TestDisplayingTheRegistrationForm"]}